00_0x8048060 (05) 0 mov
00_0x8048065 (05) 0 mov
00_0x804806a (03) 0 cmp
00_0x804806d (02) 0 jne
00_0x8048073 (02) 0 xor
00_0x8048075 (01) 0 inc
00_0x8048076 (01) 0 inc
00_0x8048077 (03) 0 cmp
00_0x804807a (02) 0 je
00_0x804807e (03) 0 cmp
00_0x8048081 (02) 0 je
00_0x8048097 (05) 0 mov
00_0x804809c (02) 0 jmp
00_0x8048087 (02) 0 xor
00_0x8048089 (01) 0 nop
00_0x804808a (01) 0 nop
00_0x804808b (05) 0 mov
00_0x8048090 (05) 0 sub
00_0x8048095 (02) 0 jmp
00_0x804809e (03) 0 cmp
00_0x80480a1 (02) 0 jne
00_0x804806a (03) 0 cmp
00_0x804806d (02) 0 jne
00_0x804806f (03) 0 sub
00_0x8048072 (05) 0 mov
00_0x8048077 (03) 0 cmp
00_0x804807a (02) 0 je
00_0x804807e (03) 0 cmp
00_0x8048081 (02) 0 je
00_0x8048097 (05) 0 mov
00_0x804809c (02) 0 jmp
00_0x8048087 (02) 0 xor
00_0x8048089 (01) 0 nop
00_0x804808a (01) 0 nop
00_0x804808b (05) 0 mov
00_0x8048090 (05) 0 sub
00_0x8048095 (02) 0 jmp
00_0x804809e (03) 0 cmp
00_0x80480a1 (02) 0 jne
00_0x80480a3 (05) 0 mov
00_0x80480a8 (05) 0 mov
00_0x80480ad (02) 0 int
